Array
Array
{"name":"MEDIA_TYPE_NOT_ACCEPTABLE","message":"The server does not implement the media type that would be acceptable to the client.","debug_id":"d732eddd0086a","details":[{"field":"invoiceId","value":"INV2-DSES-HQ9M-234V-7EXN","location":"path","issue":"INR_FOREIGN_CURRENCY_BLOCKED","description":"We're unable to send invoices to customers within India. You can still send PayPal invoices to international customers outside of India."}],"links":[{"href":"https:\/\/developer.paypal.com\/docs\/api\/invoicing\/#errors","method":"GET"}]}
""
""
{"name":"MEDIA_TYPE_NOT_ACCEPTABLE","message":"The server does not implement the media type that would be acceptable to the client.","debug_id":"a8718d690a3a1","details":[{"field":"invoiceId","value":"INV2-DSES-HQ9M-234V-7EXN","location":"path","issue":"INR_FOREIGN_CURRENCY_BLOCKED","description":"We're unable to send invoices to customers within India. You can still send PayPal invoices to international customers outside of India."}],"links":[{"href":"https:\/\/developer.paypal.com\/docs\/api\/invoicing\/#errors","method":"GET"}]}
""
""
{"name":"MEDIA_TYPE_NOT_ACCEPTABLE","message":"The server does not implement the media type that would be acceptable to the client.","debug_id":"3e115907f53f7","details":[{"field":"invoiceId","value":"INV2-DSES-HQ9M-234V-7EXN","location":"path","issue":"INR_FOREIGN_CURRENCY_BLOCKED","description":"We're unable to send invoices to customers within India. You can still send PayPal invoices to international customers outside of India."}],"links":[{"href":"https:\/\/developer.paypal.com\/docs\/api\/invoicing\/#errors","method":"GET"}]}
{"href":"https:\/\/www.paypal.com\/invoice\/p\/#INV2-9QMS-QNMH-XCUR-ZG72","rel":"payer-view","method":"GET"}
{"name":"UNPROCESSABLE_ENTITY","message":"The requested action could not be performed, semantically incorrect, or failed business validation.","debug_id":"21b79ac44ce6d","details":[{"field":"invoiceId","value":"INV2-9QMS-QNMH-XCUR-ZG72","location":"path","issue":"INVOICE_ALREADY_SHARED","description":"Invoice has already been shared via link."}],"links":[{"href":"https:\/\/developer.paypal.com\/docs\/api\/invoicing\/#errors","method":"GET"}]}
{"name":"UNPROCESSABLE_ENTITY","message":"The requested action could not be performed, semantically incorrect, or failed business validation.","debug_id":"1cd0ff5286f93","details":[{"field":"invoiceId","value":"INV2-9QMS-QNMH-XCUR-ZG72","location":"path","issue":"INVOICE_ALREADY_SHARED","description":"Invoice has already been shared via link."}],"links":[{"href":"https:\/\/developer.paypal.com\/docs\/api\/invoicing\/#errors","method":"GET"}]}
{"name":"UNPROCESSABLE_ENTITY","message":"The requested action could not be performed, semantically incorrect, or failed business validation.","debug_id":"203ec2d9295cc","details":[{"field":"invoiceId","value":"INV2-9QMS-QNMH-XCUR-ZG72","location":"path","issue":"INVOICE_ALREADY_SHARED","description":"Invoice has already been shared via link."}],"links":[{"href":"https:\/\/developer.paypal.com\/docs\/api\/invoicing\/#errors","method":"GET"}]}
{"name":"UNPROCESSABLE_ENTITY","message":"The requested action could not be performed, semantically incorrect, or failed business validation.","debug_id":"95d20369fe3f8","details":[{"field":"invoiceId","value":"INV2-9QMS-QNMH-XCUR-ZG72","location":"path","issue":"INVOICE_ALREADY_SHARED","description":"Invoice has already been shared via link."}],"links":[{"href":"https:\/\/developer.paypal.com\/docs\/api\/invoicing\/#errors","method":"GET"}]}
{"href":"https:\/\/www.paypal.com\/invoice\/p\/#INV2-E8PU-Z8UW-KHRJ-4MT9","rel":"payer-view","method":"GET"}
{"name":"UNPROCESSABLE_ENTITY","message":"The requested action could not be performed, semantically incorrect, or failed business validation.","debug_id":"6e49d7569936c","details":[{"field":"invoiceId","value":"INV2-E8PU-Z8UW-KHRJ-4MT9","location":"path","issue":"INVOICE_ALREADY_SHARED","description":"Invoice has already been shared via link."}],"links":[{"href":"https:\/\/developer.paypal.com\/docs\/api\/invoicing\/#errors","method":"GET"}]}
{"name":"UNPROCESSABLE_ENTITY","message":"The requested action could not be performed, semantically incorrect, or failed business validation.","debug_id":"9a7acc4912b52","details":[{"field":"invoiceId","value":"INV2-E8PU-Z8UW-KHRJ-4MT9","location":"path","issue":"INVOICE_ALREADY_SHARED","description":"Invoice has already been shared via link."}],"links":[{"href":"https:\/\/developer.paypal.com\/docs\/api\/invoicing\/#errors","method":"GET"}]}
{"href":"https:\/\/www.paypal.com\/invoice\/p\/#INV2-5X9S-RUGX-PEFZ-4H2W","rel":"payer-view","method":"GET"}
{"name":"UNPROCESSABLE_ENTITY","message":"The requested action could not be performed, semantically incorrect, or failed business validation.","debug_id":"dd770aa94cacf","details":[{"field":"invoiceId","value":"INV2-5X9S-RUGX-PEFZ-4H2W","location":"path","issue":"INVOICE_ALREADY_SHARED","description":"Invoice has already been shared via link."}],"links":[{"href":"https:\/\/developer.paypal.com\/docs\/api\/invoicing\/#errors","method":"GET"}]}
{"name":"UNPROCESSABLE_ENTITY","message":"The requested action could not be performed, semantically incorrect, or failed business validation.","debug_id":"178b54a2a7fd0","details":[{"field":"invoiceId","value":"INV2-5X9S-RUGX-PEFZ-4H2W","location":"path","issue":"INVOICE_ALREADY_SHARED","description":"Invoice has already been shared via link."}],"links":[{"href":"https:\/\/developer.paypal.com\/docs\/api\/invoicing\/#errors","method":"GET"}]}
{"href":"https:\/\/www.paypal.com\/invoice\/p\/#INV2-AZT5-KPPU-F2HJ-GFL7","rel":"payer-view","method":"GET"}
{"href":"https:\/\/www.paypal.com\/invoice\/p\/#INV2-PCHL-D9CE-ZALM-7AJ5","rel":"payer-view","method":"GET"}
{"name":"UNPROCESSABLE_ENTITY","message":"The requested action could not be performed, semantically incorrect, or failed business validation.","debug_id":"7dc445a7e4c93","details":[{"field":"invoiceId","value":"INV2-PCHL-D9CE-ZALM-7AJ5","location":"path","issue":"INVOICE_ALREADY_SHARED","description":"Invoice has already been shared via link."}],"links":[{"href":"https:\/\/developer.paypal.com\/docs\/api\/invoicing\/#errors","method":"GET"}]}
{"name":"NOT_AUTHORIZED","message":"Authorization failed due to insufficient permissions.","debug_id":"3d67cb63d62cf","details":[{"field":"invoiceId","value":"INV2-PCHL-D9CE-ZALM-7AJ5","location":"path","issue":"PERMISSION_DENIED","description":"The requested invoice is not associated with the requested user."}],"links":[{"href":"https:\/\/developer.paypal.com\/docs\/api\/invoicing\/#errors","method":"GET"}]}
{"href":"https:\/\/www.paypal.com\/invoice\/p\/#INV2-4TAX-K6Q8-T7GM-6HSP","rel":"payer-view","method":"GET"}
{"name":"UNPROCESSABLE_ENTITY","message":"The requested action could not be performed, semantically incorrect, or failed business validation.","debug_id":"5d239206332a6","details":[{"field":"invoiceId","value":"INV2-4TAX-K6Q8-T7GM-6HSP","location":"path","issue":"INVOICE_ALREADY_SHARED","description":"Invoice has already been shared via link."}],"links":[{"href":"https:\/\/developer.paypal.com\/docs\/api\/invoicing\/#errors","method":"GET"}]}
{"href":"https:\/\/www.paypal.com\/invoice\/p\/#INV2-HRKT-QL7E-ZDQ6-RTG2","rel":"payer-view","method":"GET"}
{"name":"UNPROCESSABLE_ENTITY","message":"The requested action could not be performed, semantically incorrect, or failed business validation.","debug_id":"c568d07ca4eaa","details":[{"field":"invoiceId","value":"INV2-HRKT-QL7E-ZDQ6-RTG2","location":"path","issue":"INVOICE_ALREADY_SHARED","description":"Invoice has already been shared via link."}],"links":[{"href":"https:\/\/developer.paypal.com\/docs\/api\/invoicing\/#errors","method":"GET"}]}
{"name":"UNPROCESSABLE_ENTITY","message":"The requested action could not be performed, semantically incorrect, or failed business validation.","debug_id":"5316fc6278f9e","details":[{"field":"invoiceId","value":"INV2-HRKT-QL7E-ZDQ6-RTG2","location":"path","issue":"INVOICE_ALREADY_SHARED","description":"Invoice has already been shared via link."}],"links":[{"href":"https:\/\/developer.paypal.com\/docs\/api\/invoicing\/#errors","method":"GET"}]}
{"href":"https:\/\/www.paypal.com\/invoice\/p\/#INV2-8BV3-W29C-WG6Q-JFB6","rel":"payer-view","method":"GET"}
{"name":"UNPROCESSABLE_ENTITY","message":"The requested action could not be performed, semantically incorrect, or failed business validation.","debug_id":"68b58890f812f","details":[{"field":"invoiceId","value":"INV2-8BV3-W29C-WG6Q-JFB6","location":"path","issue":"INVOICE_ALREADY_SHARED","description":"Invoice has already been shared via link."}],"links":[{"href":"https:\/\/developer.paypal.com\/docs\/api\/invoicing\/#errors","method":"GET"}]}
{"href":"https:\/\/www.paypal.com\/invoice\/p\/#INV2-C999-B6N8-UYGU-HU2H","rel":"payer-view","method":"GET"}
{"name":"UNPROCESSABLE_ENTITY","message":"The requested action could not be performed, semantically incorrect, or failed business validation.","debug_id":"99fe5a53129f5","details":[{"field":"invoiceId","value":"INV2-C999-B6N8-UYGU-HU2H","location":"path","issue":"INVOICE_ALREADY_SHARED","description":"Invoice has already been shared via link."}],"links":[{"href":"https:\/\/developer.paypal.com\/docs\/api\/invoicing\/#errors","method":"GET"}]}
{"href":"https:\/\/www.paypal.com\/invoice\/p\/#INV2-VXMP-XSRD-QE3E-GCL5","rel":"payer-view","method":"GET"}
{"name":"UNPROCESSABLE_ENTITY","message":"The requested action could not be performed, semantically incorrect, or failed business validation.","debug_id":"e918d623ca517","details":[{"field":"invoiceId","value":"INV2-VXMP-XSRD-QE3E-GCL5","location":"path","issue":"INVOICE_ALREADY_SHARED","description":"Invoice has already been shared via link."}],"links":[{"href":"https:\/\/developer.paypal.com\/docs\/api\/invoicing\/#errors","method":"GET"}]}
{"href":"https:\/\/www.paypal.com\/invoice\/p\/#INV2-TNS9-AZHJ-3YFH-TWNQ","rel":"payer-view","method":"GET"}
{"href":"https:\/\/www.paypal.com\/invoice\/p\/#INV2-BJYC-5PNF-SU99-J3JQ","rel":"payer-view","method":"GET"}
{"name":"UNPROCESSABLE_ENTITY","message":"The requested action could not be performed, semantically incorrect, or failed business validation.","debug_id":"c3bdce21d7795","details":[{"field":"invoiceId","value":"INV2-BJYC-5PNF-SU99-J3JQ","location":"path","issue":"INVOICE_ALREADY_SHARED","description":"Invoice has already been shared via link."}],"links":[{"href":"https:\/\/developer.paypal.com\/docs\/api\/invoicing\/#errors","method":"GET"}]}
{"name":"MEDIA_TYPE_NOT_ACCEPTABLE","message":"The server does not implement the media type that would be acceptable to the client.","debug_id":"8d0b729e60432","details":[{"field":"invoiceId","value":"INV2-6V9C-6FHA-RZ2U-MDAL","location":"path","issue":"INR_FOREIGN_CURRENCY_BLOCKED","description":"We're unable to send invoices to customers within India. You can still send PayPal invoices to international customers outside of India."}],"links":[{"href":"https:\/\/developer.paypal.com\/docs\/api\/invoicing\/#errors","method":"GET"}]}
{"href":"https:\/\/www.paypal.com\/invoice\/p\/#INV2-FZK3-YE2N-9KRL-MVYZ","rel":"payer-view","method":"GET"}
{"name":"UNPROCESSABLE_ENTITY","message":"The requested action could not be performed, semantically incorrect, or failed business validation.","debug_id":"210419503af31","details":[{"field":"invoiceId","value":"INV2-FZK3-YE2N-9KRL-MVYZ","location":"path","issue":"INVOICE_ALREADY_SHARED","description":"Invoice has already been shared via link."}],"links":[{"href":"https:\/\/developer.paypal.com\/docs\/api\/invoicing\/#errors","method":"GET"}]}
{"name":"MEDIA_TYPE_NOT_ACCEPTABLE","message":"The server does not implement the media type that would be acceptable to the client.","debug_id":"3095c7d0b04ad","details":[{"field":"invoiceId","value":"INV2-JTZZ-MUPG-472Z-Y4YG","location":"path","issue":"INR_FOREIGN_CURRENCY_BLOCKED","description":"We're unable to send invoices to customers within India. You can still send PayPal invoices to international customers outside of India."}],"links":[{"href":"https:\/\/developer.paypal.com\/docs\/api\/invoicing\/#errors","method":"GET"}]}
{"name":"MEDIA_TYPE_NOT_ACCEPTABLE","message":"The server does not implement the media type that would be acceptable to the client.","debug_id":"5dfbef9a7d4fd","details":[{"field":"invoiceId","value":"INV2-JTZZ-MUPG-472Z-Y4YG","location":"path","issue":"INR_FOREIGN_CURRENCY_BLOCKED","description":"We're unable to send invoices to customers within India. You can still send PayPal invoices to international customers outside of India."}],"links":[{"href":"https:\/\/developer.paypal.com\/docs\/api\/invoicing\/#errors","method":"GET"}]}
